Microsoft HTML Help Compiler 4.74.8702

Compiling h:\Projects\prg\__Shell\DeskPinsVC\Help\DeskPins.chm


Compile time: 0 minutes, 1 second
22	Topics
67	Local links
3	Internet links
0	Graphics


Created h:\Projects\prg\__Shell\DeskPinsVC\Help\DeskPins.chm, 20,452 bytes
Compression decreased file by 16,178 bytes.
Microsoft HTML Help Compiler 4.74.8702

Compiling h:\Projects\prg\__Shell\DeskPinsVC\Help\DeskPins.chm


Compile time: 0 minutes, 1 second
22	Topics
67	Local links
3	Internet links
0	Graphics


Created h:\Projects\prg\__Shell\DeskPinsVC\Help\DeskPins.chm, 20,468 bytes
Compression decreased file by 16,840 bytes.
Microsoft HTML Help Compiler 4.74.8702

Compiling h:\Projects\prg\__Shell\DeskPinsVC\Help\DeskPins.chm


Compile time: 0 minutes, 1 second
22	Topics
67	Local links
3	Internet links
0	Graphics


Created h:\Projects\prg\__Shell\DeskPinsVC\Help\DeskPins.chm, 20,470 bytes
Compression decreased file by 16,838 bytes.
Microsoft HTML Help Compiler 4.74.8702

Compiling h:\Projects\prg\__Shell\DeskPinsVC\Help\DeskPins.chm


Compile time: 0 minutes, 0 seconds
22	Topics
67	Local links
3	Internet links
0	Graphics


Created h:\Projects\prg\__Shell\DeskPinsVC\Help\DeskPins.chm, 20,470 bytes
Compression decreased file by 16,838 bytes.
